{"meta": {"format": 3, "version": "7.10.7", "timestamp": "2026-03-21T18:11:25.336916", "branch_coverage": false, "show_contexts": false}, "files": {"/app/api/__init__.py": {"executed_lines": [1], "summary": {"covered_lines": 0, "num_statements": 0, "percent_covered": 100.0, "percent_covered_display": "100", "missing_lines": 0, "excluded_lines": 0}, "missing_lines": [], "excluded_lines": [], "functions": {"": {"executed_lines": [], "summary": {"covered_lines": 0, "num_statements": 0, "percent_covered": 100.0, "percent_covered_display": "100", "missing_lines": 0, "excluded_lines": 0}, "missing_lines": [], "excluded_lines": []}}, "classes": {"": {"executed_lines": [], "summary": {"covered_lines": 0, "num_statements": 0, "percent_covered": 100.0, "percent_covered_display": "100", "missing_lines": 0, "excluded_lines": 0}, "missing_lines": [], "excluded_lines": []}}}, "/app/api/models.py": {"executed_lines": [1, 4, 5, 6, 7, 8, 9, 10, 11, 13, 14, 17, 18, 19, 20, 21, 22, 23, 25, 26], "summary": {"covered_lines": 20, "num_statements": 20, "percent_covered": 100.0, "percent_covered_display": "100", "missing_lines": 0, "excluded_lines": 0}, "missing_lines": [], "excluded_lines": [], "functions": {"": {"executed_lines": [1, 4, 5, 6, 7, 8, 9, 10, 11, 13, 14, 17, 18, 19, 20, 21, 22, 23, 25, 26], "summary": {"covered_lines": 20, "num_statements": 20, "percent_covered": 100.0, "percent_covered_display": "100", "missing_lines": 0, "excluded_lines": 0}, "missing_lines": [], "excluded_lines": []}}, "classes": {"Post": {"executed_lines": [], "summary": {"covered_lines": 0, "num_statements": 0, "percent_covered": 100.0, "percent_covered_display": "100", "missing_lines": 0, "excluded_lines": 0}, "missing_lines": [], "excluded_lines": []}, "Post.Meta": {"executed_lines": [], "summary": {"covered_lines": 0, "num_statements": 0, "percent_covered": 100.0, "percent_covered_display": "100", "missing_lines": 0, "excluded_lines": 0}, "missing_lines": [], "excluded_lines": []}, "ImageAsset": {"executed_lines": [], "summary": {"covered_lines": 0, "num_statements": 0, "percent_covered": 100.0, "percent_covered_display": "100", "missing_lines": 0, "excluded_lines": 0}, "missing_lines": [], "excluded_lines": []}, "ImageAsset.Meta": {"executed_lines": [], "summary": {"covered_lines": 0, "num_statements": 0, "percent_covered": 100.0, "percent_covered_display": "100", "missing_lines": 0, "excluded_lines": 0}, "missing_lines": [], "excluded_lines": []}, "": {"executed_lines": [1, 4, 5, 6, 7, 8, 9, 10, 11, 13, 14, 17, 18, 19, 20, 21, 22, 23, 25, 26], "summary": {"covered_lines": 20, "num_statements": 20, "percent_covered": 100.0, "percent_covered_display": "100", "missing_lines": 0, "excluded_lines": 0}, "missing_lines": [], "excluded_lines": []}}}, "/app/api/serializers.py": {"executed_lines": [1, 2, 5, 6, 7, 8, 10, 13, 14, 15, 16, 17], "summary": {"covered_lines": 12, "num_statements": 12, "percent_covered": 100.0, "percent_covered_display": "100", "missing_lines": 0, "excluded_lines": 0}, "missing_lines": [], "excluded_lines": [], "functions": {"": {"executed_lines": [1, 2, 5, 6, 7, 8, 10, 13, 14, 15, 16, 17], "summary": {"covered_lines": 12, "num_statements": 12, "percent_covered": 100.0, "percent_covered_display": "100", "missing_lines": 0, "excluded_lines": 0}, "missing_lines": [], "excluded_lines": []}}, "classes": {"PostSerializer": {"executed_lines": [], "summary": {"covered_lines": 0, "num_statements": 0, "percent_covered": 100.0, "percent_covered_display": "100", "missing_lines": 0, "excluded_lines": 0}, "missing_lines": [], "excluded_lines": []}, "PostSerializer.Meta": {"executed_lines": [], "summary": {"covered_lines": 0, "num_statements": 0, "percent_covered": 100.0, "percent_covered_display": "100", "missing_lines": 0, "excluded_lines": 0}, "missing_lines": [], "excluded_lines": []}, "ImageAssetSerializer": {"executed_lines": [], "summary": {"covered_lines": 0, "num_statements": 0, "percent_covered": 100.0, "percent_covered_display": "100", "missing_lines": 0, "excluded_lines": 0}, "missing_lines": [], "excluded_lines": []}, "ImageAssetSerializer.Meta": {"executed_lines": [], "summary": {"covered_lines": 0, "num_statements": 0, "percent_covered": 100.0, "percent_covered_display": "100", "missing_lines": 0, "excluded_lines": 0}, "missing_lines": [], "excluded_lines": []}, "": {"executed_lines": [1, 2, 5, 6, 7, 8, 10, 13, 14, 15, 16, 17], "summary": {"covered_lines": 12, "num_statements": 12, "percent_covered": 100.0, "percent_covered_display": "100", "missing_lines": 0, "excluded_lines": 0}, "missing_lines": [], "excluded_lines": []}}}, "/app/api/urls.py": {"executed_lines": [1, 2, 4], "summary": {"covered_lines": 3, "num_statements": 3, "percent_covered": 100.0, "percent_covered_display": "100", "missing_lines": 0, "excluded_lines": 0}, "missing_lines": [], "excluded_lines": [], "functions": {"": {"executed_lines": [1, 2, 4], "summary": {"covered_lines": 3, "num_statements": 3, "percent_covered": 100.0, "percent_covered_display": "100", "missing_lines": 0, "excluded_lines": 0}, "missing_lines": [], "excluded_lines": []}}, "classes": {"": {"executed_lines": [1, 2, 4], "summary": {"covered_lines": 3, "num_statements": 3, "percent_covered": 100.0, "percent_covered_display": "100", "missing_lines": 0, "excluded_lines": 0}, "missing_lines": [], "excluded_lines": []}}}, "/app/api/views.py": {"executed_lines": [1, 16, 17, 18, 20, 21, 22, 23, 24, 25, 26, 27, 28, 29, 30, 31, 32, 34, 35, 38, 39, 42, 44, 51, 52, 57, 58, 83, 84, 105, 106, 133, 134, 175, 176, 177, 214, 215, 242, 258, 259, 274, 275, 296, 297, 317, 318, 349, 350, 375, 376, 389, 390], "summary": {"covered_lines": 52, "num_statements": 184, "percent_covered": 28.26086956521739, "percent_covered_display": "28", "missing_lines": 132, "excluded_lines": 0}, "missing_lines": [54, 60, 86, 87, 88, 91, 92, 95, 96, 98, 99, 100, 101, 102, 108, 109, 110, 111, 113, 114, 116, 117, 118, 119, 120, 121, 122, 123, 125, 126, 143, 144, 146, 147, 148, 150, 151, 153, 154, 155, 156, 157, 158, 159, 166, 168, 185, 186, 187, 189, 191, 192, 193, 195, 196, 198, 205, 206, 207, 222, 223, 224, 226, 228, 229, 230, 237, 238, 239, 243, 245, 246, 247, 248, 249, 250, 251, 267, 268, 270, 271, 281, 282, 284, 285, 286, 287, 288, 289, 304, 305, 306, 309, 310, 325, 326, 327, 329, 331, 332, 333, 334, 335, 336, 340, 341, 342, 359, 360, 361, 363, 366, 367, 368, 383, 384, 385, 386, 397, 398, 399, 400, 401, 402, 403, 404, 405, 406, 407, 408, 409, 410], "excluded_lines": [], "functions": {"health": {"executed_lines": [], "summary": {"covered_lines": 0, "num_statements": 1, "percent_covered": 0.0, "percent_covered_display": "0", "missing_lines": 1, "excluded_lines": 0}, "missing_lines": [54], "excluded_lines": []}, "home": {"executed_lines": [], "summary": {"covered_lines": 0, "num_statements": 1, "percent_covered": 0.0, "percent_covered_display": "0", "missing_lines": 1, "excluded_lines": 0}, "missing_lines": [60], "excluded_lines": []}, "posts": {"executed_lines": [], "summary": {"covered_lines": 0, "num_statements": 12, "percent_covered": 0.0, "percent_covered_display": "0", "missing_lines": 12, "excluded_lines": 0}, "missing_lines": [86, 87, 88, 91, 92, 95, 96, 98, 99, 100, 101, 102], "excluded_lines": []}, "post_detail": {"executed_lines": [], "summary": {"covered_lines": 0, "num_statements": 16, "percent_covered": 0.0, "percent_covered_display": "0", "missing_lines": 16, "excluded_lines": 0}, "missing_lines": [108, 109, 110, 111, 113, 114, 116, 117, 118, 119, 120, 121, 122, 123, 125, 126], "excluded_lines": []}, "import_posts": {"executed_lines": [], "summary": {"covered_lines": 0, "num_statements": 16, "percent_covered": 0.0, "percent_covered_display": "0", "missing_lines": 16, "excluded_lines": 0}, "missing_lines": [143, 144, 146, 147, 148, 150, 151, 153, 154, 155, 156, 157, 158, 159, 166, 168], "excluded_lines": []}, "upload_image": {"executed_lines": [], "summary": {"covered_lines": 0, "num_statements": 13, "percent_covered": 0.0, "percent_covered_display": "0", "missing_lines": 13, "excluded_lines": 0}, "missing_lines": [185, 186, 187, 189, 191, 192, 193, 195, 196, 198, 205, 206, 207], "excluded_lines": []}, "fetch_preview": {"executed_lines": [], "summary": {"covered_lines": 0, "num_statements": 10, "percent_covered": 0.0, "percent_covered_display": "0", "missing_lines": 10, "excluded_lines": 0}, "missing_lines": [222, 223, 224, 226, 228, 229, 230, 237, 238, 239], "excluded_lines": []}, "_extract_og_title": {"executed_lines": [], "summary": {"covered_lines": 0, "num_statements": 8, "percent_covered": 0.0, "percent_covered_display": "0", "missing_lines": 8, "excluded_lines": 0}, "missing_lines": [243, 245, 246, 247, 248, 249, 250, 251], "excluded_lines": []}, "auth_token": {"executed_lines": [], "summary": {"covered_lines": 0, "num_statements": 4, "percent_covered": 0.0, "percent_covered_display": "0", "missing_lines": 4, "excluded_lines": 0}, "missing_lines": [267, 268, 270, 271], "excluded_lines": []}, "auth_verify": {"executed_lines": [], "summary": {"covered_lines": 0, "num_statements": 8, "percent_covered": 0.0, "percent_covered_display": "0", "missing_lines": 8, "excluded_lines": 0}, "missing_lines": [281, 282, 284, 285, 286, 287, 288, 289], "excluded_lines": []}, "sanitize_content": {"executed_lines": [], "summary": {"covered_lines": 0, "num_statements": 5, "percent_covered": 0.0, "percent_covered_display": "0", "missing_lines": 5, "excluded_lines": 0}, "missing_lines": [304, 305, 306, 309, 310], "excluded_lines": []}, "parse_feed": {"executed_lines": [], "summary": {"covered_lines": 0, "num_statements": 13, "percent_covered": 0.0, "percent_covered_display": "0", "missing_lines": 13, "excluded_lines": 0}, "missing_lines": [325, 326, 327, 329, 331, 332, 333, 334, 335, 336, 340, 341, 342], "excluded_lines": []}, "search_posts": {"executed_lines": [], "summary": {"covered_lines": 0, "num_statements": 7, "percent_covered": 0.0, "percent_covered_display": "0", "missing_lines": 7, "excluded_lines": 0}, "missing_lines": [359, 360, 361, 363, 366, 367, 368], "excluded_lines": []}, "backup_export": {"executed_lines": [], "summary": {"covered_lines": 0, "num_statements": 4, "percent_covered": 0.0, "percent_covered_display": "0", "missing_lines": 4, "excluded_lines": 0}, "missing_lines": [383, 384, 385, 386], "excluded_lines": []}, "backup_import": {"executed_lines": [], "summary": {"covered_lines": 0, "num_statements": 14, "percent_covered": 0.0, "percent_covered_display": "0", "missing_lines": 14, "excluded_lines": 0}, "missing_lines": [397, 398, 399, 400, 401, 402, 403, 404, 405, 406, 407, 408, 409, 410], "excluded_lines": []}, "": {"executed_lines": [1, 16, 17, 18, 20, 21, 22, 23, 24, 25, 26, 27, 28, 29, 30, 31, 32, 34, 35, 38, 39, 42, 44, 51, 52, 57, 58, 83, 84, 105, 106, 133, 134, 175, 176, 177, 214, 215, 242, 258, 259, 274, 275, 296, 297, 317, 318, 349, 350, 375, 376, 389, 390], "summary": {"covered_lines": 52, "num_statements": 52, "percent_covered": 100.0, "percent_covered_display": "100", "missing_lines": 0, "excluded_lines": 0}, "missing_lines": [], "excluded_lines": []}}, "classes": {"": {"executed_lines": [1, 16, 17, 18, 20, 21, 22, 23, 24, 25, 26, 27, 28, 29, 30, 31, 32, 34, 35, 38, 39, 42, 44, 51, 52, 57, 58, 83, 84, 105, 106, 133, 134, 175, 176, 177, 214, 215, 242, 258, 259, 274, 275, 296, 297, 317, 318, 349, 350, 375, 376, 389, 390], "summary": {"covered_lines": 52, "num_statements": 184, "percent_covered": 28.26086956521739, "percent_covered_display": "28", "missing_lines": 132, "excluded_lines": 0}, "missing_lines": [54, 60, 86, 87, 88, 91, 92, 95, 96, 98, 99, 100, 101, 102, 108, 109, 110, 111, 113, 114, 116, 117, 118, 119, 120, 121, 122, 123, 125, 126, 143, 144, 146, 147, 148, 150, 151, 153, 154, 155, 156, 157, 158, 159, 166, 168, 185, 186, 187, 189, 191, 192, 193, 195, 196, 198, 205, 206, 207, 222, 223, 224, 226, 228, 229, 230, 237, 238, 239, 243, 245, 246, 247, 248, 249, 250, 251, 267, 268, 270, 271, 281, 282, 284, 285, 286, 287, 288, 289, 304, 305, 306, 309, 310, 325, 326, 327, 329, 331, 332, 333, 334, 335, 336, 340, 341, 342, 359, 360, 361, 363, 366, 367, 368, 383, 384, 385, 386, 397, 398, 399, 400, 401, 402, 403, 404, 405, 406, 407, 408, 409, 410], "excluded_lines": []}}}, "/app/devblog/__init__.py": {"executed_lines": [1], "summary": {"covered_lines": 0, "num_statements": 0, "percent_covered": 100.0, "percent_covered_display": "100", "missing_lines": 0, "excluded_lines": 0}, "missing_lines": [], "excluded_lines": [], "functions": {"": {"executed_lines": [], "summary": {"covered_lines": 0, "num_statements": 0, "percent_covered": 100.0, "percent_covered_display": "100", "missing_lines": 0, "excluded_lines": 0}, "missing_lines": [], "excluded_lines": []}}, "classes": {"": {"executed_lines": [], "summary": {"covered_lines": 0, "num_statements": 0, "percent_covered": 100.0, "percent_covered_display": "100", "missing_lines": 0, "excluded_lines": 0}, "missing_lines": [], "excluded_lines": []}}}, "/app/devblog/settings.py": {"executed_lines": [1, 2, 4, 6, 8, 10, 12, 19, 24, 26, 29, 37, 38, 51, 53, 62, 63, 65], "summary": {"covered_lines": 18, "num_statements": 22, "percent_covered": 81.81818181818181, "percent_covered_display": "82", "missing_lines": 4, "excluded_lines": 0}, "missing_lines": [39, 40, 41, 42], "excluded_lines": [], "functions": {"": {"executed_lines": [1, 2, 4, 6, 8, 10, 12, 19, 24, 26, 29, 37, 38, 51, 53, 62, 63, 65], "summary": {"covered_lines": 18, "num_statements": 22, "percent_covered": 81.81818181818181, "percent_covered_display": "82", "missing_lines": 4, "excluded_lines": 0}, "missing_lines": [39, 40, 41, 42], "excluded_lines": []}}, "classes": {"": {"executed_lines": [1, 2, 4, 6, 8, 10, 12, 19, 24, 26, 29, 37, 38, 51, 53, 62, 63, 65], "summary": {"covered_lines": 18, "num_statements": 22, "percent_covered": 81.81818181818181, "percent_covered_display": "82", "missing_lines": 4, "excluded_lines": 0}, "missing_lines": [39, 40, 41, 42], "excluded_lines": []}}}, "/app/devblog/urls.py": {"executed_lines": [1, 3], "summary": {"covered_lines": 2, "num_statements": 2, "percent_covered": 100.0, "percent_covered_display": "100", "missing_lines": 0, "excluded_lines": 0}, "missing_lines": [], "excluded_lines": [], "functions": {"": {"executed_lines": [1, 3], "summary": {"covered_lines": 2, "num_statements": 2, "percent_covered": 100.0, "percent_covered_display": "100", "missing_lines": 0, "excluded_lines": 0}, "missing_lines": [], "excluded_lines": []}}, "classes": {"": {"executed_lines": [1, 3], "summary": {"covered_lines": 2, "num_statements": 2, "percent_covered": 100.0, "percent_covered_display": "100", "missing_lines": 0, "excluded_lines": 0}, "missing_lines": [], "excluded_lines": []}}}, "/app/devblog/wsgi.py": {"executed_lines": [], "summary": {"covered_lines": 0, "num_statements": 4, "percent_covered": 0.0, "percent_covered_display": "0", "missing_lines": 4, "excluded_lines": 0}, "missing_lines": [1, 2, 4, 5], "excluded_lines": [], "functions": {"": {"executed_lines": [], "summary": {"covered_lines": 0, "num_statements": 4, "percent_covered": 0.0, "percent_covered_display": "0", "missing_lines": 4, "excluded_lines": 0}, "missing_lines": [1, 2, 4, 5], "excluded_lines": []}}, "classes": {"": {"executed_lines": [], "summary": {"covered_lines": 0, "num_statements": 4, "percent_covered": 0.0, "percent_covered_display": "0", "missing_lines": 4, "excluded_lines": 0}, "missing_lines": [1, 2, 4, 5], "excluded_lines": []}}}}, "totals": {"covered_lines": 107, "num_statements": 247, "percent_covered": 43.31983805668016, "percent_covered_display": "43", "missing_lines": 140, "excluded_lines": 0}}